TN:
SF:src\controllers\reviews.controller.ts
FN:6,(anonymous_7)
FN:8,(anonymous_8)
FN:8,(anonymous_9)
FN:34,(anonymous_10)
FN:34,(anonymous_11)
FNF:5
FNH:0
FNDA:0,(anonymous_7)
FNDA:0,(anonymous_8)
FNDA:0,(anonymous_9)
FNDA:0,(anonymous_10)
FNDA:0,(anonymous_11)
DA:3,0
DA:5,0
DA:6,0
DA:8,0
DA:14,0
DA:16,0
DA:18,0
DA:26,0
DA:28,0
DA:34,0
DA:35,0
DA:36,0
DA:37,0
LF:13
LH:0
BRF:0
BRH:0
end_of_record
TN:
SF:src\controllers\sessions.controller.ts
FN:7,(anonymous_8)
FN:9,(anonymous_9)
FN:9,(anonymous_10)
FNF:3
FNH:0
FNDA:0,(anonymous_8)
FNDA:0,(anonymous_9)
FNDA:0,(anonymous_10)
DA:2,0
DA:3,0
DA:6,0
DA:7,0
DA:9,0
DA:13,0
DA:15,0
DA:17,0
DA:18,0
DA:24,0
DA:29,0
DA:30,0
DA:36,0
DA:42,0
DA:44,0
LF:15
LH:0
BRDA:17,0,0,0
BRDA:29,1,0,0
BRF:2
BRH:0
end_of_record
TN:
SF:src\controllers\users.controller.ts
FN:6,(anonymous_8)
FN:8,(anonymous_9)
FN:8,(anonymous_10)
FN:38,(anonymous_11)
FN:38,(anonymous_12)
FNF:5
FNH:0
FNDA:0,(anonymous_8)
FNDA:0,(anonymous_9)
FNDA:0,(anonymous_10)
FNDA:0,(anonymous_11)
FNDA:0,(anonymous_12)
DA:3,0
DA:4,0
DA:5,0
DA:6,0
DA:8,0
DA:12,0
DA:14,0
DA:16,0
DA:17,0
DA:23,0
DA:25,0
DA:30,0
DA:32,0
DA:38,0
DA:39,0
DA:40,0
LF:16
LH:0
BRDA:16,0,0,0
BRF:1
BRH:0
end_of_record
